<?xml version="1.0" encoding="UTF-8"?>
<coverage generated="1659388311189" clover="3.2.0">
  <project timestamp="1659388311189" name="All files">
    <metrics statements="230" coveredstatements="218" conditionals="138" coveredconditionals="124" methods="42" coveredmethods="37" elements="410" coveredelements="379" complexity="0" loc="230" ncloc="230" packages="1" files="1" classes="1"/>
    <file name="fetch-response-handler.js" path="/Users/simon/git/k2-tools-fetch-response-handler/src/fetch-response-handler.js">
      <metrics statements="230" coveredstatements="218" conditionals="138" coveredconditionals="124" methods="42" coveredmethods="37"/>
      <line num="1" count="1" type="stmt"/>
      <line num="5" count="1" type="stmt"/>
      <line num="6" count="1" type="stmt"/>
      <line num="7" count="1" type="stmt"/>
      <line num="8" count="0" type="stmt"/>
      <line num="10" count="1" type="stmt"/>
      <line num="13" count="1" type="stmt"/>
      <line num="14" count="54" type="stmt"/>
      <line num="15" count="54" type="stmt"/>
      <line num="18" count="1" type="stmt"/>
      <line num="21" count="1" type="cond" truecount="1" falsecount="1"/>
      <line num="22" count="0" type="stmt"/>
      <line num="24" count="1" type="stmt"/>
      <line num="29" count="1" type="cond" truecount="0" falsecount="1"/>
      <line num="72" count="54" type="stmt"/>
      <line num="74" count="42" type="stmt"/>
      <line num="75" count="42" type="stmt"/>
      <line num="76" count="42" type="stmt"/>
      <line num="77" count="42" type="cond" truecount="2" falsecount="0"/>
      <line num="78" count="4" type="stmt"/>
      <line num="79" count="4" type="cond" truecount="2" falsecount="0"/>
      <line num="80" count="1" type="stmt"/>
      <line num="81" count="1" type="stmt"/>
      <line num="82" count="1" type="stmt"/>
      <line num="84" count="4" type="cond" truecount="2" falsecount="0"/>
      <line num="85" count="1" type="stmt"/>
      <line num="86" count="1" type="cond" truecount="1" falsecount="1"/>
      <line num="87" count="1" type="stmt"/>
      <line num="88" count="1" type="stmt"/>
      <line num="89" count="1" type="stmt"/>
      <line num="92" count="38" type="cond" truecount="4" falsecount="0"/>
      <line num="93" count="16" type="stmt"/>
      <line num="94" count="16" type="cond" truecount="2" falsecount="0"/>
      <line num="95" count="3" type="stmt"/>
      <line num="96" count="3" type="stmt"/>
      <line num="97" count="3" type="stmt"/>
      <line num="99" count="16" type="cond" truecount="2" falsecount="0"/>
      <line num="100" count="3" type="cond" truecount="4" falsecount="0"/>
      <line num="101" count="2" type="stmt"/>
      <line num="102" count="2" type="stmt"/>
      <line num="103" count="2" type="stmt"/>
      <line num="106" count="16" type="cond" truecount="2" falsecount="0"/>
      <line num="107" count="3" type="stmt"/>
      <line num="108" count="3" type="stmt"/>
      <line num="110" count="16" type="cond" truecount="2" falsecount="0"/>
      <line num="111" count="3" type="cond" truecount="4" falsecount="0"/>
      <line num="112" count="2" type="stmt"/>
      <line num="113" count="2" type="stmt"/>
      <line num="114" count="2" type="stmt"/>
      <line num="117" count="16" type="cond" truecount="2" falsecount="0"/>
      <line num="118" count="8" type="stmt"/>
      <line num="119" count="8" type="cond" truecount="2" falsecount="0"/>
      <line num="120" count="3" type="stmt"/>
      <line num="121" count="3" type="stmt"/>
      <line num="122" count="3" type="stmt"/>
      <line num="124" count="8" type="cond" truecount="2" falsecount="0"/>
      <line num="125" count="3" type="cond" truecount="4" falsecount="0"/>
      <line num="126" count="2" type="stmt"/>
      <line num="127" count="2" type="stmt"/>
      <line num="128" count="2" type="stmt"/>
      <line num="131" count="8" type="cond" truecount="2" falsecount="0"/>
      <line num="132" count="3" type="stmt"/>
      <line num="133" count="3" type="stmt"/>
      <line num="134" count="3" type="stmt"/>
      <line num="136" count="8" type="cond" truecount="2" falsecount="0"/>
      <line num="137" count="3" type="cond" truecount="4" falsecount="0"/>
      <line num="138" count="2" type="stmt"/>
      <line num="139" count="2" type="stmt"/>
      <line num="140" count="2" type="stmt"/>
      <line num="144" count="22" type="cond" truecount="2" falsecount="0"/>
      <line num="145" count="16" type="stmt"/>
      <line num="146" count="16" type="cond" truecount="2" falsecount="0"/>
      <line num="147" count="3" type="stmt"/>
      <line num="148" count="3" type="stmt"/>
      <line num="149" count="3" type="stmt"/>
      <line num="151" count="16" type="cond" truecount="2" falsecount="0"/>
      <line num="152" count="3" type="cond" truecount="4" falsecount="0"/>
      <line num="153" count="2" type="stmt"/>
      <line num="154" count="2" type="stmt"/>
      <line num="155" count="2" type="stmt"/>
      <line num="158" count="16" type="cond" truecount="2" falsecount="0"/>
      <line num="159" count="3" type="stmt"/>
      <line num="160" count="3" type="stmt"/>
      <line num="161" count="3" type="stmt"/>
      <line num="163" count="16" type="cond" truecount="2" falsecount="0"/>
      <line num="164" count="3" type="cond" truecount="4" falsecount="0"/>
      <line num="165" count="2" type="stmt"/>
      <line num="166" count="2" type="stmt"/>
      <line num="167" count="2" type="stmt"/>
      <line num="170" count="16" type="cond" truecount="2" falsecount="0"/>
      <line num="171" count="8" type="stmt"/>
      <line num="172" count="8" type="cond" truecount="2" falsecount="0"/>
      <line num="173" count="3" type="stmt"/>
      <line num="174" count="3" type="stmt"/>
      <line num="176" count="8" type="cond" truecount="2" falsecount="0"/>
      <line num="177" count="3" type="cond" truecount="4" falsecount="0"/>
      <line num="178" count="2" type="stmt"/>
      <line num="179" count="2" type="stmt"/>
      <line num="180" count="2" type="stmt"/>
      <line num="183" count="8" type="cond" truecount="2" falsecount="0"/>
      <line num="184" count="3" type="stmt"/>
      <line num="185" count="3" type="stmt"/>
      <line num="186" count="3" type="stmt"/>
      <line num="188" count="8" type="cond" truecount="2" falsecount="0"/>
      <line num="189" count="3" type="cond" truecount="4" falsecount="0"/>
      <line num="190" count="2" type="stmt"/>
      <line num="191" count="2" type="stmt"/>
      <line num="192" count="2" type="stmt"/>
      <line num="197" count="42" type="cond" truecount="2" falsecount="0"/>
      <line num="198" count="1" type="stmt"/>
      <line num="199" count="1" type="stmt"/>
      <line num="200" count="1" type="cond" truecount="1" falsecount="1"/>
      <line num="201" count="1" type="stmt"/>
      <line num="202" count="1" type="stmt"/>
      <line num="203" count="1" type="stmt"/>
      <line num="207" count="42" type="cond" truecount="2" falsecount="0"/>
      <line num="208" count="5" type="cond" truecount="1" falsecount="1"/>
      <line num="209" count="5" type="stmt"/>
      <line num="210" count="5" type="stmt"/>
      <line num="211" count="5" type="stmt"/>
      <line num="212" count="5" type="cond" truecount="1" falsecount="1"/>
      <line num="213" count="5" type="stmt"/>
      <line num="214" count="5" type="stmt"/>
      <line num="215" count="5" type="stmt"/>
      <line num="220" count="42" type="cond" truecount="2" falsecount="0"/>
      <line num="221" count="4" type="cond" truecount="1" falsecount="1"/>
      <line num="222" count="0" type="stmt"/>
      <line num="224" count="4" type="stmt"/>
      <line num="229" count="8" type="stmt"/>
      <line num="230" count="8" type="cond" truecount="2" falsecount="0"/>
      <line num="231" count="4" type="stmt"/>
      <line num="232" count="4" type="stmt"/>
      <line num="234" count="8" type="stmt"/>
      <line num="235" count="8" type="cond" truecount="2" falsecount="0"/>
      <line num="236" count="3" type="stmt"/>
      <line num="237" count="3" type="cond" truecount="4" falsecount="0"/>
      <line num="238" count="2" type="stmt"/>
      <line num="239" count="2" type="stmt"/>
      <line num="244" count="50" type="cond" truecount="2" falsecount="0"/>
      <line num="245" count="6" type="stmt"/>
      <line num="246" count="6" type="stmt"/>
      <line num="248" count="50" type="cond" truecount="2" falsecount="0"/>
      <line num="249" count="6" type="cond" truecount="4" falsecount="0"/>
      <line num="250" count="4" type="stmt"/>
      <line num="251" count="4" type="stmt"/>
      <line num="256" count="50" type="stmt"/>
      <line num="257" count="50" type="cond" truecount="2" falsecount="0"/>
      <line num="258" count="49" type="stmt"/>
      <line num="260" count="1" type="stmt"/>
      <line num="262" count="50" type="stmt"/>
      <line num="263" count="50" type="stmt"/>
      <line num="264" count="50" type="cond" truecount="1" falsecount="1"/>
      <line num="265" count="0" type="stmt"/>
      <line num="266" count="0" type="stmt"/>
      <line num="267" count="0" type="stmt"/>
      <line num="269" count="0" type="stmt"/>
      <line num="270" count="0" type="stmt"/>
      <line num="272" count="0" type="stmt"/>
      <line num="275" count="50" type="stmt"/>
      <line num="276" count="42" type="stmt"/>
      <line num="277" count="42" type="stmt"/>
      <line num="279" count="8" type="stmt"/>
      <line num="280" count="8" type="stmt"/>
      <line num="282" count="50" type="stmt"/>
      <line num="286" count="50" type="stmt"/>
      <line num="289" count="1" type="stmt"/>
      <line num="290" count="1" type="stmt"/>
      <line num="293" count="3" type="stmt"/>
      <line num="294" count="3" type="stmt"/>
      <line num="297" count="3" type="stmt"/>
      <line num="298" count="3" type="stmt"/>
      <line num="301" count="6" type="stmt"/>
      <line num="302" count="6" type="stmt"/>
      <line num="305" count="1" type="stmt"/>
      <line num="306" count="1" type="stmt"/>
      <line num="309" count="3" type="stmt"/>
      <line num="310" count="3" type="stmt"/>
      <line num="313" count="3" type="stmt"/>
      <line num="314" count="3" type="stmt"/>
      <line num="317" count="6" type="stmt"/>
      <line num="318" count="6" type="stmt"/>
      <line num="321" count="1" type="cond" truecount="1" falsecount="1"/>
      <line num="322" count="1" type="stmt"/>
      <line num="324" count="1" type="stmt"/>
      <line num="325" count="1" type="stmt"/>
      <line num="328" count="8" type="cond" truecount="1" falsecount="1"/>
      <line num="329" count="8" type="stmt"/>
      <line num="331" count="8" type="stmt"/>
      <line num="332" count="8" type="stmt"/>
      <line num="335" count="4" type="stmt"/>
      <line num="336" count="4" type="stmt"/>
      <line num="339" count="6" type="stmt"/>
      <line num="340" count="6" type="stmt"/>
      <line num="344" count="2" type="cond" truecount="1" falsecount="1"/>
      <line num="345" count="0" type="stmt"/>
      <line num="347" count="2" type="stmt"/>
      <line num="351" count="1" type="cond" truecount="1" falsecount="1"/>
      <line num="352" count="0" type="stmt"/>
      <line num="354" count="1" type="stmt"/>
      <line num="358" count="1" type="cond" truecount="1" falsecount="1"/>
      <line num="359" count="0" type="stmt"/>
      <line num="361" count="1" type="stmt"/>
      <line num="365" count="54" type="stmt"/>
      <line num="368" count="1" type="stmt"/>
      <line num="369" count="1" type="stmt"/>
      <line num="370" count="54" type="stmt"/>
      <line num="371" count="54" type="stmt"/>
      <line num="372" count="54" type="stmt"/>
      <line num="373" count="54" type="stmt"/>
      <line num="374" count="54" type="stmt"/>
      <line num="375" count="54" type="stmt"/>
      <line num="376" count="54" type="stmt"/>
      <line num="377" count="54" type="stmt"/>
      <line num="380" count="1" type="cond" truecount="1" falsecount="0"/>
      <line num="381" count="6" type="stmt"/>
      <line num="383" count="1" type="cond" truecount="1" falsecount="0"/>
      <line num="384" count="6" type="stmt"/>
      <line num="387" count="1" type="cond" truecount="1" falsecount="0"/>
      <line num="388" count="3" type="stmt"/>
      <line num="391" count="1" type="cond" truecount="1" falsecount="0"/>
      <line num="392" count="3" type="stmt"/>
      <line num="395" count="1" type="cond" truecount="1" falsecount="0"/>
      <line num="396" count="6" type="stmt"/>
      <line num="399" count="1" type="cond" truecount="1" falsecount="0"/>
      <line num="400" count="3" type="stmt"/>
      <line num="403" count="1" type="cond" truecount="1" falsecount="0"/>
      <line num="404" count="3" type="stmt"/>
      <line num="407" count="1" type="cond" truecount="1" falsecount="0"/>
      <line num="408" count="3" type="stmt"/>
      <line num="411" count="1" type="stmt"/>
    </file>
  </project>
</coverage>
