{"/Users/simon/git/k2-tools-fetch-response-handler/src/fetch-response-handler.js": {"path":"/Users/simon/git/k2-tools-fetch-response-handler/src/fetch-response-handler.js","statementMap":{"0":{"start":{"line":1,"column":17},"end":{"line":3,"column":1}},"1":{"start":{"line":5,"column":16},"end":{"line":5,"column":21}},"2":{"start":{"line":6,"column":0},"end":{"line":11,"column":1}},"3":{"start":{"line":7,"column":1},"end":{"line":7,"column":27}},"4":{"start":{"line":8,"column":1},"end":{"line":8,"column":18}},"5":{"start":{"line":10,"column":1},"end":{"line":10,"column":40}},"6":{"start":{"line":13,"column":18},"end":{"line":16,"column":1}},"7":{"start":{"line":14,"column":1},"end":{"line":14,"column":29}},"8":{"start":{"line":15,"column":1},"end":{"line":15,"column":19}},"9":{"start":{"line":18,"column":14},"end":{"line":27,"column":1}},"10":{"start":{"line":21,"column":3},"end":{"line":25,"column":4}},"11":{"start":{"line":22,"column":5},"end":{"line":22,"column":29}},"12":{"start":{"line":24,"column":5},"end":{"line":24,"column":26}},"13":{"start":{"line":29,"column":29},"end":{"line":366,"column":1}},"14":{"start":{"line":72,"column":18},"end":{"line":364,"column":3}},"15":{"start":{"line":74,"column":19},"end":{"line":74,"column":24}},"16":{"start":{"line":75,"column":26},"end":{"line":75,"column":92}},"17":{"start":{"line":76,"column":5},"end":{"line":76,"column":41}},"18":{"start":{"line":77,"column":8},"end":{"line":196,"column":9}},"19":{"start":{"line":78,"column":7},"end":{"line":78,"column":32}},"20":{"start":{"line":79,"column":10},"end":{"line":83,"column":11}},"21":{"start":{"line":80,"column":9},"end":{"line":80,"column":40}},"22":{"start":{"line":81,"column":9},"end":{"line":81,"column":24}},"23":{"start":{"line":82,"column":12},"end":{"line":82,"column":51}},"24":{"start":{"line":84,"column":10},"end":{"line":91,"column":11}},"25":{"start":{"line":85,"column":12},"end":{"line":85,"column":42}},"26":{"start":{"line":86,"column":12},"end":{"line":90,"column":13}},"27":{"start":{"line":87,"column":14},"end":{"line":87,"column":51}},"28":{"start":{"line":88,"column":14},"end":{"line":88,"column":29}},"29":{"start":{"line":89,"column":14},"end":{"line":89,"column":69}},"30":{"start":{"line":92,"column":15},"end":{"line":196,"column":9}},"31":{"start":{"line":93,"column":7},"end":{"line":93,"column":42}},"32":{"start":{"line":94,"column":10},"end":{"line":98,"column":11}},"33":{"start":{"line":95,"column":9},"end":{"line":95,"column":51}},"34":{"start":{"line":96,"column":9},"end":{"line":96,"column":24}},"35":{"start":{"line":97,"column":12},"end":{"line":97,"column":60}},"36":{"start":{"line":99,"column":10},"end":{"line":105,"column":11}},"37":{"start":{"line":100,"column":12},"end":{"line":104,"column":13}},"38":{"start":{"line":101,"column":11},"end":{"line":101,"column":52}},"39":{"start":{"line":102,"column":11},"end":{"line":102,"column":26}},"40":{"start":{"line":103,"column":14},"end":{"line":103,"column":69}},"41":{"start":{"line":106,"column":10},"end":{"line":109,"column":11}},"42":{"start":{"line":107,"column":9},"end":{"line":107,"column":59}},"43":{"start":{"line":108,"column":12},"end":{"line":108,"column":54}},"44":{"start":{"line":110,"column":10},"end":{"line":116,"column":11}},"45":{"start":{"line":111,"column":12},"end":{"line":115,"column":13}},"46":{"start":{"line":112,"column":11},"end":{"line":112,"column":69}},"47":{"start":{"line":113,"column":11},"end":{"line":113,"column":26}},"48":{"start":{"line":114,"column":14},"end":{"line":114,"column":63}},"49":{"start":{"line":117,"column":10},"end":{"line":143,"column":11}},"50":{"start":{"line":118,"column":9},"end":{"line":118,"column":49}},"51":{"start":{"line":119,"column":12},"end":{"line":123,"column":13}},"52":{"start":{"line":120,"column":11},"end":{"line":120,"column":58}},"53":{"start":{"line":121,"column":11},"end":{"line":121,"column":26}},"54":{"start":{"line":122,"column":14},"end":{"line":122,"column":78}},"55":{"start":{"line":124,"column":12},"end":{"line":130,"column":13}},"56":{"start":{"line":125,"column":14},"end":{"line":129,"column":15}},"57":{"start":{"line":126,"column":13},"end":{"line":126,"column":68}},"58":{"start":{"line":127,"column":13},"end":{"line":127,"column":28}},"59":{"start":{"line":128,"column":16},"end":{"line":128,"column":87}},"60":{"start":{"line":131,"column":12},"end":{"line":135,"column":13}},"61":{"start":{"line":132,"column":11},"end":{"line":132,"column":66}},"62":{"start":{"line":133,"column":11},"end":{"line":133,"column":26}},"63":{"start":{"line":134,"column":14},"end":{"line":134,"column":72}},"64":{"start":{"line":136,"column":12},"end":{"line":142,"column":13}},"65":{"start":{"line":137,"column":14},"end":{"line":141,"column":15}},"66":{"start":{"line":138,"column":13},"end":{"line":138,"column":76}},"67":{"start":{"line":139,"column":13},"end":{"line":139,"column":28}},"68":{"start":{"line":140,"column":16},"end":{"line":140,"column":81}},"69":{"start":{"line":144,"column":15},"end":{"line":196,"column":9}},"70":{"start":{"line":145,"column":7},"end":{"line":145,"column":42}},"71":{"start":{"line":146,"column":10},"end":{"line":150,"column":11}},"72":{"start":{"line":147,"column":9},"end":{"line":147,"column":51}},"73":{"start":{"line":148,"column":9},"end":{"line":148,"column":24}},"74":{"start":{"line":149,"column":12},"end":{"line":149,"column":60}},"75":{"start":{"line":151,"column":10},"end":{"line":157,"column":11}},"76":{"start":{"line":152,"column":12},"end":{"line":156,"column":13}},"77":{"start":{"line":153,"column":11},"end":{"line":153,"column":61}},"78":{"start":{"line":154,"column":11},"end":{"line":154,"column":26}},"79":{"start":{"line":155,"column":14},"end":{"line":155,"column":69}},"80":{"start":{"line":158,"column":10},"end":{"line":162,"column":11}},"81":{"start":{"line":159,"column":9},"end":{"line":159,"column":59}},"82":{"start":{"line":160,"column":9},"end":{"line":160,"column":24}},"83":{"start":{"line":161,"column":12},"end":{"line":161,"column":46}},"84":{"start":{"line":163,"column":10},"end":{"line":169,"column":11}},"85":{"start":{"line":164,"column":12},"end":{"line":168,"column":13}},"86":{"start":{"line":165,"column":11},"end":{"line":165,"column":69}},"87":{"start":{"line":166,"column":11},"end":{"line":166,"column":26}},"88":{"start":{"line":167,"column":14},"end":{"line":167,"column":63}},"89":{"start":{"line":170,"column":10},"end":{"line":195,"column":11}},"90":{"start":{"line":171,"column":9},"end":{"line":171,"column":49}},"91":{"start":{"line":172,"column":12},"end":{"line":175,"column":13}},"92":{"start":{"line":173,"column":11},"end":{"line":173,"column":26}},"93":{"start":{"line":174,"column":14},"end":{"line":174,"column":70}},"94":{"start":{"line":176,"column":12},"end":{"line":182,"column":13}},"95":{"start":{"line":177,"column":14},"end":{"line":181,"column":15}},"96":{"start":{"line":178,"column":13},"end":{"line":178,"column":60}},"97":{"start":{"line":179,"column":13},"end":{"line":179,"column":28}},"98":{"start":{"line":180,"column":16},"end":{"line":180,"column":87}},"99":{"start":{"line":183,"column":12},"end":{"line":187,"column":13}},"100":{"start":{"line":184,"column":11},"end":{"line":184,"column":73}},"101":{"start":{"line":185,"column":11},"end":{"line":185,"column":26}},"102":{"start":{"line":186,"column":14},"end":{"line":186,"column":64}},"103":{"start":{"line":188,"column":12},"end":{"line":194,"column":13}},"104":{"start":{"line":189,"column":14},"end":{"line":193,"column":15}},"105":{"start":{"line":190,"column":13},"end":{"line":190,"column":83}},"106":{"start":{"line":191,"column":13},"end":{"line":191,"column":28}},"107":{"start":{"line":192,"column":16},"end":{"line":192,"column":81}},"108":{"start":{"line":197,"column":8},"end":{"line":206,"column":9}},"109":{"start":{"line":198,"column":7},"end":{"line":198,"column":56}},"110":{"start":{"line":199,"column":10},"end":{"line":205,"column":13}},"111":{"start":{"line":200,"column":12},"end":{"line":204,"column":13}},"112":{"start":{"line":201,"column":11},"end":{"line":201,"column":72}},"113":{"start":{"line":202,"column":11},"end":{"line":202,"column":26}},"114":{"start":{"line":203,"column":14},"end":{"line":203,"column":54}},"115":{"start":{"line":207,"column":8},"end":{"line":219,"column":9}},"116":{"start":{"line":208,"column":10},"end":{"line":218,"column":11}},"117":{"start":{"line":209,"column":9},"end":{"line":209,"column":63}},"118":{"start":{"line":210,"column":9},"end":{"line":210,"column":102}},"119":{"start":{"line":211,"column":12},"end":{"line":217,"column":15}},"120":{"start":{"line":212,"column":14},"end":{"line":216,"column":15}},"121":{"start":{"line":213,"column":13},"end":{"line":213,"column":82}},"122":{"start":{"line":214,"column":13},"end":{"line":214,"column":28}},"123":{"start":{"line":215,"column":16},"end":{"line":215,"column":72}},"124":{"start":{"line":220,"column":8},"end":{"line":226,"column":9}},"125":{"start":{"line":221,"column":7},"end":{"line":225,"column":5}},"126":{"start":{"line":222,"column":6},"end":{"line":222,"column":22}},"127":{"start":{"line":224,"column":6},"end":{"line":224,"column":22}},"128":{"start":{"line":229,"column":3},"end":{"line":229,"column":30}},"129":{"start":{"line":230,"column":6},"end":{"line":233,"column":7}},"130":{"start":{"line":231,"column":5},"end":{"line":231,"column":39}},"131":{"start":{"line":232,"column":8},"end":{"line":232,"column":45}},"132":{"start":{"line":234,"column":6},"end":{"line":234,"column":24}},"133":{"start":{"line":235,"column":6},"end":{"line":241,"column":7}},"134":{"start":{"line":236,"column":5},"end":{"line":236,"column":24}},"135":{"start":{"line":237,"column":8},"end":{"line":240,"column":9}},"136":{"start":{"line":238,"column":7},"end":{"line":238,"column":49}},"137":{"start":{"line":239,"column":10},"end":{"line":239,"column":55}},"138":{"start":{"line":244,"column":6},"end":{"line":247,"column":7}},"139":{"start":{"line":245,"column":5},"end":{"line":245,"column":37}},"140":{"start":{"line":246,"column":8},"end":{"line":246,"column":32}},"141":{"start":{"line":248,"column":6},"end":{"line":253,"column":7}},"142":{"start":{"line":249,"column":8},"end":{"line":252,"column":9}},"143":{"start":{"line":250,"column":7},"end":{"line":250,"column":47}},"144":{"start":{"line":251,"column":10},"end":{"line":251,"column":45}},"145":{"start":{"line":256,"column":29},"end":{"line":256,"column":39}},"146":{"start":{"line":257,"column":6},"end":{"line":261,"column":7}},"147":{"start":{"line":258,"column":8},"end":{"line":258,"column":49}},"148":{"start":{"line":260,"column":8},"end":{"line":260,"column":38}},"149":{"start":{"line":262,"column":6},"end":{"line":262,"column":44}},"150":{"start":{"line":263,"column":6},"end":{"line":263,"column":75}},"151":{"start":{"line":264,"column":6},"end":{"line":285,"column":7}},"152":{"start":{"line":265,"column":8},"end":{"line":273,"column":11}},"153":{"start":{"line":266,"column":7},"end":{"line":266,"column":58}},"154":{"start":{"line":267,"column":10},"end":{"line":267,"column":43}},"155":{"start":{"line":269,"column":7},"end":{"line":269,"column":52}},"156":{"start":{"line":270,"column":10},"end":{"line":270,"column":44}},"157":{"start":{"line":272,"column":10},"end":{"line":272,"column":34}},"158":{"start":{"line":275,"column":8},"end":{"line":283,"column":11}},"159":{"start":{"line":276,"column":7},"end":{"line":276,"column":58}},"160":{"start":{"line":277,"column":10},"end":{"line":277,"column":43}},"161":{"start":{"line":279,"column":7},"end":{"line":279,"column":52}},"162":{"start":{"line":280,"column":10},"end":{"line":280,"column":44}},"163":{"start":{"line":282,"column":10},"end":{"line":282,"column":34}},"164":{"start":{"line":286,"column":6},"end":{"line":286,"column":30}},"165":{"start":{"line":289,"column":6},"end":{"line":289,"column":32}},"166":{"start":{"line":290,"column":6},"end":{"line":290,"column":21}},"167":{"start":{"line":293,"column":6},"end":{"line":293,"column":41}},"168":{"start":{"line":294,"column":6},"end":{"line":294,"column":21}},"169":{"start":{"line":297,"column":6},"end":{"line":297,"column":41}},"170":{"start":{"line":298,"column":6},"end":{"line":298,"column":21}},"171":{"start":{"line":301,"column":6},"end":{"line":301,"column":35}},"172":{"start":{"line":302,"column":6},"end":{"line":302,"column":21}},"173":{"start":{"line":305,"column":6},"end":{"line":305,"column":36}},"174":{"start":{"line":306,"column":6},"end":{"line":306,"column":21}},"175":{"start":{"line":309,"column":6},"end":{"line":309,"column":45}},"176":{"start":{"line":310,"column":6},"end":{"line":310,"column":21}},"177":{"start":{"line":313,"column":6},"end":{"line":313,"column":45}},"178":{"start":{"line":314,"column":6},"end":{"line":314,"column":21}},"179":{"start":{"line":317,"column":6},"end":{"line":317,"column":39}},"180":{"start":{"line":318,"column":6},"end":{"line":318,"column":21}},"181":{"start":{"line":321,"column":6},"end":{"line":323,"column":7}},"182":{"start":{"line":322,"column":8},"end":{"line":322,"column":39}},"183":{"start":{"line":324,"column":6},"end":{"line":324,"column":68}},"184":{"start":{"line":325,"column":6},"end":{"line":325,"column":21}},"185":{"start":{"line":328,"column":6},"end":{"line":330,"column":7}},"186":{"start":{"line":329,"column":8},"end":{"line":329,"column":43}},"187":{"start":{"line":331,"column":6},"end":{"line":331,"column":72}},"188":{"start":{"line":332,"column":6},"end":{"line":332,"column":21}},"189":{"start":{"line":335,"column":6},"end":{"line":335,"column":41}},"190":{"start":{"line":336,"column":6},"end":{"line":336,"column":21}},"191":{"start":{"line":339,"column":6},"end":{"line":339,"column":39}},"192":{"start":{"line":340,"column":6},"end":{"line":340,"column":21}},"193":{"start":{"line":344,"column":3},"end":{"line":348,"column":7}},"194":{"start":{"line":345,"column":8},"end":{"line":345,"column":62}},"195":{"start":{"line":347,"column":5},"end":{"line":347,"column":69}},"196":{"start":{"line":351,"column":3},"end":{"line":355,"column":7}},"197":{"start":{"line":352,"column":8},"end":{"line":352,"column":50}},"198":{"start":{"line":354,"column":5},"end":{"line":354,"column":57}},"199":{"start":{"line":358,"column":3},"end":{"line":362,"column":7}},"200":{"start":{"line":359,"column":8},"end":{"line":359,"column":50}},"201":{"start":{"line":361,"column":5},"end":{"line":361,"column":57}},"202":{"start":{"line":365,"column":2},"end":{"line":365,"column":17}},"203":{"start":{"line":368,"column":24},"end":{"line":368,"column":26}},"204":{"start":{"line":369,"column":29},"end":{"line":378,"column":1}},"205":{"start":{"line":370,"column":1},"end":{"line":370,"column":39}},"206":{"start":{"line":371,"column":1},"end":{"line":371,"column":37}},"207":{"start":{"line":372,"column":1},"end":{"line":372,"column":43}},"208":{"start":{"line":373,"column":1},"end":{"line":373,"column":43}},"209":{"start":{"line":374,"column":1},"end":{"line":374,"column":41}},"210":{"start":{"line":375,"column":1},"end":{"line":375,"column":47}},"211":{"start":{"line":376,"column":1},"end":{"line":376,"column":47}},"212":{"start":{"line":377,"column":1},"end":{"line":377,"column":44}},"213":{"start":{"line":380,"column":18},"end":{"line":382,"column":1}},"214":{"start":{"line":381,"column":2},"end":{"line":381,"column":65}},"215":{"start":{"line":383,"column":16},"end":{"line":385,"column":1}},"216":{"start":{"line":384,"column":2},"end":{"line":384,"column":57}},"217":{"start":{"line":387,"column":22},"end":{"line":389,"column":1}},"218":{"start":{"line":388,"column":2},"end":{"line":388,"column":63}},"219":{"start":{"line":391,"column":22},"end":{"line":393,"column":1}},"220":{"start":{"line":392,"column":2},"end":{"line":392,"column":63}},"221":{"start":{"line":395,"column":20},"end":{"line":397,"column":1}},"222":{"start":{"line":396,"column":2},"end":{"line":396,"column":61}},"223":{"start":{"line":399,"column":26},"end":{"line":401,"column":1}},"224":{"start":{"line":400,"column":2},"end":{"line":400,"column":67}},"225":{"start":{"line":403,"column":26},"end":{"line":405,"column":1}},"226":{"start":{"line":404,"column":2},"end":{"line":404,"column":67}},"227":{"start":{"line":407,"column":23},"end":{"line":409,"column":1}},"228":{"start":{"line":408,"column":2},"end":{"line":408,"column":64}},"229":{"start":{"line":411,"column":0},"end":{"line":423,"column":15}}},"fnMap":{"0":{"name":"(anonymous_0)","decl":{"start":{"line":2,"column":10},"end":{"line":2,"column":11}},"loc":{"start":{"line":2,"column":25},"end":{"line":2,"column":27}},"line":2},"1":{"name":"(anonymous_1)","decl":{"start":{"line":13,"column":18},"end":{"line":13,"column":19}},"loc":{"start":{"line":13,"column":33},"end":{"line":16,"column":1}},"line":13},"2":{"name":"(anonymous_2)","decl":{"start":{"line":19,"column":6},"end":{"line":19,"column":7}},"loc":{"start":{"line":19,"column":12},"end":{"line":19,"column":14}},"line":19},"3":{"name":"(anonymous_3)","decl":{"start":{"line":20,"column":9},"end":{"line":20,"column":10}},"loc":{"start":{"line":20,"column":24},"end":{"line":26,"column":2}},"line":20},"4":{"name":"(anonymous_4)","decl":{"start":{"line":24,"column":17},"end":{"line":24,"column":18}},"loc":{"start":{"line":24,"column":23},"end":{"line":24,"column":25}},"line":24},"5":{"name":"(anonymous_5)","decl":{"start":{"line":29,"column":29},"end":{"line":29,"column":30}},"loc":{"start":{"line":29,"column":49},"end":{"line":366,"column":1}},"line":29},"6":{"name":"(anonymous_6)","decl":{"start":{"line":73,"column":20},"end":{"line":73,"column":21}},"loc":{"start":{"line":73,"column":34},"end":{"line":227,"column":5}},"line":73},"7":{"name":"(anonymous_7)","decl":{"start":{"line":199,"column":44},"end":{"line":199,"column":45}},"loc":{"start":{"line":199,"column":63},"end":{"line":205,"column":11}},"line":199},"8":{"name":"(anonymous_8)","decl":{"start":{"line":211,"column":50},"end":{"line":211,"column":51}},"loc":{"start":{"line":211,"column":73},"end":{"line":217,"column":13}},"line":211},"9":{"name":"(anonymous_9)","decl":{"start":{"line":228,"column":24},"end":{"line":228,"column":25}},"loc":{"start":{"line":228,"column":35},"end":{"line":242,"column":5}},"line":228},"10":{"name":"(anonymous_10)","decl":{"start":{"line":243,"column":19},"end":{"line":243,"column":20}},"loc":{"start":{"line":243,"column":25},"end":{"line":254,"column":5}},"line":243},"11":{"name":"(anonymous_11)","decl":{"start":{"line":255,"column":11},"end":{"line":255,"column":12}},"loc":{"start":{"line":255,"column":27},"end":{"line":287,"column":5}},"line":255},"12":{"name":"(anonymous_12)","decl":{"start":{"line":265,"column":30},"end":{"line":265,"column":31}},"loc":{"start":{"line":265,"column":42},"end":{"line":268,"column":9}},"line":265},"13":{"name":"(anonymous_13)","decl":{"start":{"line":268,"column":17},"end":{"line":268,"column":18}},"loc":{"start":{"line":268,"column":26},"end":{"line":271,"column":9}},"line":268},"14":{"name":"(anonymous_14)","decl":{"start":{"line":271,"column":19},"end":{"line":271,"column":20}},"loc":{"start":{"line":271,"column":25},"end":{"line":273,"column":9}},"line":271},"15":{"name":"(anonymous_15)","decl":{"start":{"line":275,"column":40},"end":{"line":275,"column":41}},"loc":{"start":{"line":275,"column":52},"end":{"line":278,"column":9}},"line":275},"16":{"name":"(anonymous_16)","decl":{"start":{"line":278,"column":17},"end":{"line":278,"column":18}},"loc":{"start":{"line":278,"column":26},"end":{"line":281,"column":9}},"line":278},"17":{"name":"(anonymous_17)","decl":{"start":{"line":281,"column":19},"end":{"line":281,"column":20}},"loc":{"start":{"line":281,"column":25},"end":{"line":283,"column":9}},"line":281},"18":{"name":"(anonymous_18)","decl":{"start":{"line":288,"column":15},"end":{"line":288,"column":16}},"loc":{"start":{"line":288,"column":23},"end":{"line":291,"column":5}},"line":288},"19":{"name":"(anonymous_19)","decl":{"start":{"line":292,"column":19},"end":{"line":292,"column":20}},"loc":{"start":{"line":292,"column":27},"end":{"line":295,"column":5}},"line":292},"20":{"name":"(anonymous_20)","decl":{"start":{"line":296,"column":19},"end":{"line":296,"column":20}},"loc":{"start":{"line":296,"column":27},"end":{"line":299,"column":5}},"line":296},"21":{"name":"(anonymous_21)","decl":{"start":{"line":300,"column":13},"end":{"line":300,"column":14}},"loc":{"start":{"line":300,"column":21},"end":{"line":303,"column":5}},"line":300},"22":{"name":"(anonymous_22)","decl":{"start":{"line":304,"column":19},"end":{"line":304,"column":20}},"loc":{"start":{"line":304,"column":27},"end":{"line":307,"column":5}},"line":304},"23":{"name":"(anonymous_23)","decl":{"start":{"line":308,"column":23},"end":{"line":308,"column":24}},"loc":{"start":{"line":308,"column":31},"end":{"line":311,"column":5}},"line":308},"24":{"name":"(anonymous_24)","decl":{"start":{"line":312,"column":23},"end":{"line":312,"column":24}},"loc":{"start":{"line":312,"column":31},"end":{"line":315,"column":5}},"line":312},"25":{"name":"(anonymous_25)","decl":{"start":{"line":316,"column":17},"end":{"line":316,"column":18}},"loc":{"start":{"line":316,"column":25},"end":{"line":319,"column":5}},"line":316},"26":{"name":"(anonymous_26)","decl":{"start":{"line":320,"column":14},"end":{"line":320,"column":15}},"loc":{"start":{"line":320,"column":30},"end":{"line":326,"column":5}},"line":320},"27":{"name":"(anonymous_27)","decl":{"start":{"line":327,"column":18},"end":{"line":327,"column":19}},"loc":{"start":{"line":327,"column":34},"end":{"line":333,"column":5}},"line":327},"28":{"name":"(anonymous_28)","decl":{"start":{"line":334,"column":20},"end":{"line":334,"column":21}},"loc":{"start":{"line":334,"column":28},"end":{"line":337,"column":5}},"line":334},"29":{"name":"(anonymous_29)","decl":{"start":{"line":338,"column":15},"end":{"line":338,"column":16}},"loc":{"start":{"line":338,"column":29},"end":{"line":341,"column":5}},"line":338},"30":{"name":"(anonymous_30)","decl":{"start":{"line":343,"column":10},"end":{"line":343,"column":11}},"loc":{"start":{"line":343,"column":39},"end":{"line":349,"column":5}},"line":343},"31":{"name":"(anonymous_31)","decl":{"start":{"line":350,"column":11},"end":{"line":350,"column":12}},"loc":{"start":{"line":350,"column":27},"end":{"line":356,"column":5}},"line":350},"32":{"name":"(anonymous_32)","decl":{"start":{"line":357,"column":13},"end":{"line":357,"column":14}},"loc":{"start":{"line":357,"column":27},"end":{"line":363,"column":5}},"line":357},"33":{"name":"(anonymous_33)","decl":{"start":{"line":369,"column":29},"end":{"line":369,"column":30}},"loc":{"start":{"line":369,"column":35},"end":{"line":378,"column":1}},"line":369},"34":{"name":"(anonymous_34)","decl":{"start":{"line":380,"column":18},"end":{"line":380,"column":19}},"loc":{"start":{"line":380,"column":48},"end":{"line":382,"column":1}},"line":380},"35":{"name":"(anonymous_35)","decl":{"start":{"line":383,"column":16},"end":{"line":383,"column":17}},"loc":{"start":{"line":383,"column":40},"end":{"line":385,"column":1}},"line":383},"36":{"name":"(anonymous_36)","decl":{"start":{"line":387,"column":22},"end":{"line":387,"column":23}},"loc":{"start":{"line":387,"column":46},"end":{"line":389,"column":1}},"line":387},"37":{"name":"(anonymous_37)","decl":{"start":{"line":391,"column":22},"end":{"line":391,"column":23}},"loc":{"start":{"line":391,"column":46},"end":{"line":393,"column":1}},"line":391},"38":{"name":"(anonymous_38)","decl":{"start":{"line":395,"column":20},"end":{"line":395,"column":21}},"loc":{"start":{"line":395,"column":44},"end":{"line":397,"column":1}},"line":395},"39":{"name":"(anonymous_39)","decl":{"start":{"line":399,"column":26},"end":{"line":399,"column":27}},"loc":{"start":{"line":399,"column":50},"end":{"line":401,"column":1}},"line":399},"40":{"name":"(anonymous_40)","decl":{"start":{"line":403,"column":26},"end":{"line":403,"column":27}},"loc":{"start":{"line":403,"column":50},"end":{"line":405,"column":1}},"line":403},"41":{"name":"(anonymous_41)","decl":{"start":{"line":407,"column":23},"end":{"line":407,"column":24}},"loc":{"start":{"line":407,"column":47},"end":{"line":409,"column":1}},"line":407}},"branchMap":{"0":{"loc":{"start":{"line":20,"column":10},"end":{"line":20,"column":19}},"type":"default-arg","locations":[{"start":{"line":20,"column":15},"end":{"line":20,"column":19}}],"line":20},"1":{"loc":{"start":{"line":21,"column":3},"end":{"line":25,"column":4}},"type":"if","locations":[{"start":{"line":21,"column":3},"end":{"line":25,"column":4}},{"start":{"line":23,"column":10},"end":{"line":25,"column":4}}],"line":21},"2":{"loc":{"start":{"line":29,"column":35},"end":{"line":29,"column":44}},"type":"default-arg","locations":[{"start":{"line":29,"column":42},"end":{"line":29,"column":44}}],"line":29},"3":{"loc":{"start":{"line":77,"column":8},"end":{"line":196,"column":9}},"type":"if","locations":[{"start":{"line":77,"column":8},"end":{"line":196,"column":9}},{"start":{"line":92,"column":15},"end":{"line":196,"column":9}}],"line":77},"4":{"loc":{"start":{"line":79,"column":10},"end":{"line":83,"column":11}},"type":"if","locations":[{"start":{"line":79,"column":10},"end":{"line":83,"column":11}},{"start":{},"end":{}}],"line":79},"5":{"loc":{"start":{"line":84,"column":10},"end":{"line":91,"column":11}},"type":"if","locations":[{"start":{"line":84,"column":10},"end":{"line":91,"column":11}},{"start":{},"end":{}}],"line":84},"6":{"loc":{"start":{"line":86,"column":12},"end":{"line":90,"column":13}},"type":"if","locations":[{"start":{"line":86,"column":12},"end":{"line":90,"column":13}},{"start":{},"end":{}}],"line":86},"7":{"loc":{"start":{"line":92,"column":15},"end":{"line":196,"column":9}},"type":"if","locations":[{"start":{"line":92,"column":15},"end":{"line":196,"column":9}},{"start":{"line":144,"column":15},"end":{"line":196,"column":9}}],"line":92},"8":{"loc":{"start":{"line":92,"column":19},"end":{"line":92,"column":66}},"type":"binary-expr","locations":[{"start":{"line":92,"column":19},"end":{"line":92,"column":41}},{"start":{"line":92,"column":45},"end":{"line":92,"column":66}}],"line":92},"9":{"loc":{"start":{"line":94,"column":10},"end":{"line":98,"column":11}},"type":"if","locations":[{"start":{"line":94,"column":10},"end":{"line":98,"column":11}},{"start":{},"end":{}}],"line":94},"10":{"loc":{"start":{"line":99,"column":10},"end":{"line":105,"column":11}},"type":"if","locations":[{"start":{"line":99,"column":10},"end":{"line":105,"column":11}},{"start":{},"end":{}}],"line":99},"11":{"loc":{"start":{"line":100,"column":12},"end":{"line":104,"column":13}},"type":"if","locations":[{"start":{"line":100,"column":12},"end":{"line":104,"column":13}},{"start":{},"end":{}}],"line":100},"12":{"loc":{"start":{"line":100,"column":16},"end":{"line":100,"column":86}},"type":"binary-expr","locations":[{"start":{"line":100,"column":16},"end":{"line":100,"column":46}},{"start":{"line":100,"column":50},"end":{"line":100,"column":86}}],"line":100},"13":{"loc":{"start":{"line":106,"column":10},"end":{"line":109,"column":11}},"type":"if","locations":[{"start":{"line":106,"column":10},"end":{"line":109,"column":11}},{"start":{},"end":{}}],"line":106},"14":{"loc":{"start":{"line":110,"column":10},"end":{"line":116,"column":11}},"type":"if","locations":[{"start":{"line":110,"column":10},"end":{"line":116,"column":11}},{"start":{},"end":{}}],"line":110},"15":{"loc":{"start":{"line":111,"column":12},"end":{"line":115,"column":13}},"type":"if","locations":[{"start":{"line":111,"column":12},"end":{"line":115,"column":13}},{"start":{},"end":{}}],"line":111},"16":{"loc":{"start":{"line":111,"column":16},"end":{"line":111,"column":74}},"type":"binary-expr","locations":[{"start":{"line":111,"column":16},"end":{"line":111,"column":40}},{"start":{"line":111,"column":44},"end":{"line":111,"column":74}}],"line":111},"17":{"loc":{"start":{"line":117,"column":10},"end":{"line":143,"column":11}},"type":"if","locations":[{"start":{"line":117,"column":10},"end":{"line":143,"column":11}},{"start":{},"end":{}}],"line":117},"18":{"loc":{"start":{"line":119,"column":12},"end":{"line":123,"column":13}},"type":"if","locations":[{"start":{"line":119,"column":12},"end":{"line":123,"column":13}},{"start":{},"end":{}}],"line":119},"19":{"loc":{"start":{"line":124,"column":12},"end":{"line":130,"column":13}},"type":"if","locations":[{"start":{"line":124,"column":12},"end":{"line":130,"column":13}},{"start":{},"end":{}}],"line":124},"20":{"loc":{"start":{"line":125,"column":14},"end":{"line":129,"column":15}},"type":"if","locations":[{"start":{"line":125,"column":14},"end":{"line":129,"column":15}},{"start":{},"end":{}}],"line":125},"21":{"loc":{"start":{"line":125,"column":18},"end":{"line":125,"column":96}},"type":"binary-expr","locations":[{"start":{"line":125,"column":18},"end":{"line":125,"column":52}},{"start":{"line":125,"column":56},"end":{"line":125,"column":96}}],"line":125},"22":{"loc":{"start":{"line":131,"column":12},"end":{"line":135,"column":13}},"type":"if","locations":[{"start":{"line":131,"column":12},"end":{"line":135,"column":13}},{"start":{},"end":{}}],"line":131},"23":{"loc":{"start":{"line":136,"column":12},"end":{"line":142,"column":13}},"type":"if","locations":[{"start":{"line":136,"column":12},"end":{"line":142,"column":13}},{"start":{},"end":{}}],"line":136},"24":{"loc":{"start":{"line":137,"column":14},"end":{"line":141,"column":15}},"type":"if","locations":[{"start":{"line":137,"column":14},"end":{"line":141,"column":15}},{"start":{},"end":{}}],"line":137},"25":{"loc":{"start":{"line":137,"column":18},"end":{"line":137,"column":84}},"type":"binary-expr","locations":[{"start":{"line":137,"column":18},"end":{"line":137,"column":46}},{"start":{"line":137,"column":50},"end":{"line":137,"column":84}}],"line":137},"26":{"loc":{"start":{"line":144,"column":15},"end":{"line":196,"column":9}},"type":"if","locations":[{"start":{"line":144,"column":15},"end":{"line":196,"column":9}},{"start":{},"end":{}}],"line":144},"27":{"loc":{"start":{"line":146,"column":10},"end":{"line":150,"column":11}},"type":"if","locations":[{"start":{"line":146,"column":10},"end":{"line":150,"column":11}},{"start":{},"end":{}}],"line":146},"28":{"loc":{"start":{"line":151,"column":10},"end":{"line":157,"column":11}},"type":"if","locations":[{"start":{"line":151,"column":10},"end":{"line":157,"column":11}},{"start":{},"end":{}}],"line":151},"29":{"loc":{"start":{"line":152,"column":12},"end":{"line":156,"column":13}},"type":"if","locations":[{"start":{"line":152,"column":12},"end":{"line":156,"column":13}},{"start":{},"end":{}}],"line":152},"30":{"loc":{"start":{"line":152,"column":16},"end":{"line":152,"column":86}},"type":"binary-expr","locations":[{"start":{"line":152,"column":16},"end":{"line":152,"column":46}},{"start":{"line":152,"column":50},"end":{"line":152,"column":86}}],"line":152},"31":{"loc":{"start":{"line":158,"column":10},"end":{"line":162,"column":11}},"type":"if","locations":[{"start":{"line":158,"column":10},"end":{"line":162,"column":11}},{"start":{},"end":{}}],"line":158},"32":{"loc":{"start":{"line":163,"column":10},"end":{"line":169,"column":11}},"type":"if","locations":[{"start":{"line":163,"column":10},"end":{"line":169,"column":11}},{"start":{},"end":{}}],"line":163},"33":{"loc":{"start":{"line":164,"column":12},"end":{"line":168,"column":13}},"type":"if","locations":[{"start":{"line":164,"column":12},"end":{"line":168,"column":13}},{"start":{},"end":{}}],"line":164},"34":{"loc":{"start":{"line":164,"column":16},"end":{"line":164,"column":74}},"type":"binary-expr","locations":[{"start":{"line":164,"column":16},"end":{"line":164,"column":40}},{"start":{"line":164,"column":44},"end":{"line":164,"column":74}}],"line":164},"35":{"loc":{"start":{"line":170,"column":10},"end":{"line":195,"column":11}},"type":"if","locations":[{"start":{"line":170,"column":10},"end":{"line":195,"column":11}},{"start":{},"end":{}}],"line":170},"36":{"loc":{"start":{"line":172,"column":12},"end":{"line":175,"column":13}},"type":"if","locations":[{"start":{"line":172,"column":12},"end":{"line":175,"column":13}},{"start":{},"end":{}}],"line":172},"37":{"loc":{"start":{"line":176,"column":12},"end":{"line":182,"column":13}},"type":"if","locations":[{"start":{"line":176,"column":12},"end":{"line":182,"column":13}},{"start":{},"end":{}}],"line":176},"38":{"loc":{"start":{"line":177,"column":14},"end":{"line":181,"column":15}},"type":"if","locations":[{"start":{"line":177,"column":14},"end":{"line":181,"column":15}},{"start":{},"end":{}}],"line":177},"39":{"loc":{"start":{"line":177,"column":18},"end":{"line":177,"column":96}},"type":"binary-expr","locations":[{"start":{"line":177,"column":18},"end":{"line":177,"column":52}},{"start":{"line":177,"column":56},"end":{"line":177,"column":96}}],"line":177},"40":{"loc":{"start":{"line":183,"column":12},"end":{"line":187,"column":13}},"type":"if","locations":[{"start":{"line":183,"column":12},"end":{"line":187,"column":13}},{"start":{},"end":{}}],"line":183},"41":{"loc":{"start":{"line":188,"column":12},"end":{"line":194,"column":13}},"type":"if","locations":[{"start":{"line":188,"column":12},"end":{"line":194,"column":13}},{"start":{},"end":{}}],"line":188},"42":{"loc":{"start":{"line":189,"column":14},"end":{"line":193,"column":15}},"type":"if","locations":[{"start":{"line":189,"column":14},"end":{"line":193,"column":15}},{"start":{},"end":{}}],"line":189},"43":{"loc":{"start":{"line":189,"column":18},"end":{"line":189,"column":84}},"type":"binary-expr","locations":[{"start":{"line":189,"column":18},"end":{"line":189,"column":46}},{"start":{"line":189,"column":50},"end":{"line":189,"column":84}}],"line":189},"44":{"loc":{"start":{"line":197,"column":8},"end":{"line":206,"column":9}},"type":"if","locations":[{"start":{"line":197,"column":8},"end":{"line":206,"column":9}},{"start":{},"end":{}}],"line":197},"45":{"loc":{"start":{"line":200,"column":12},"end":{"line":204,"column":13}},"type":"if","locations":[{"start":{"line":200,"column":12},"end":{"line":204,"column":13}},{"start":{},"end":{}}],"line":200},"46":{"loc":{"start":{"line":207,"column":8},"end":{"line":219,"column":9}},"type":"if","locations":[{"start":{"line":207,"column":8},"end":{"line":219,"column":9}},{"start":{},"end":{}}],"line":207},"47":{"loc":{"start":{"line":208,"column":10},"end":{"line":218,"column":11}},"type":"if","locations":[{"start":{"line":208,"column":10},"end":{"line":218,"column":11}},{"start":{},"end":{}}],"line":208},"48":{"loc":{"start":{"line":212,"column":14},"end":{"line":216,"column":15}},"type":"if","locations":[{"start":{"line":212,"column":14},"end":{"line":216,"column":15}},{"start":{},"end":{}}],"line":212},"49":{"loc":{"start":{"line":220,"column":8},"end":{"line":226,"column":9}},"type":"if","locations":[{"start":{"line":220,"column":8},"end":{"line":226,"column":9}},{"start":{},"end":{}}],"line":220},"50":{"loc":{"start":{"line":221,"column":7},"end":{"line":225,"column":5}},"type":"if","locations":[{"start":{"line":221,"column":7},"end":{"line":225,"column":5}},{"start":{"line":223,"column":14},"end":{"line":225,"column":5}}],"line":221},"51":{"loc":{"start":{"line":230,"column":6},"end":{"line":233,"column":7}},"type":"if","locations":[{"start":{"line":230,"column":6},"end":{"line":233,"column":7}},{"start":{},"end":{}}],"line":230},"52":{"loc":{"start":{"line":235,"column":6},"end":{"line":241,"column":7}},"type":"if","locations":[{"start":{"line":235,"column":6},"end":{"line":241,"column":7}},{"start":{},"end":{}}],"line":235},"53":{"loc":{"start":{"line":237,"column":8},"end":{"line":240,"column":9}},"type":"if","locations":[{"start":{"line":237,"column":8},"end":{"line":240,"column":9}},{"start":{},"end":{}}],"line":237},"54":{"loc":{"start":{"line":237,"column":12},"end":{"line":237,"column":83}},"type":"binary-expr","locations":[{"start":{"line":237,"column":12},"end":{"line":237,"column":42}},{"start":{"line":237,"column":46},"end":{"line":237,"column":83}}],"line":237},"55":{"loc":{"start":{"line":244,"column":6},"end":{"line":247,"column":7}},"type":"if","locations":[{"start":{"line":244,"column":6},"end":{"line":247,"column":7}},{"start":{},"end":{}}],"line":244},"56":{"loc":{"start":{"line":248,"column":6},"end":{"line":253,"column":7}},"type":"if","locations":[{"start":{"line":248,"column":6},"end":{"line":253,"column":7}},{"start":{},"end":{}}],"line":248},"57":{"loc":{"start":{"line":249,"column":8},"end":{"line":252,"column":9}},"type":"if","locations":[{"start":{"line":249,"column":8},"end":{"line":252,"column":9}},{"start":{},"end":{}}],"line":249},"58":{"loc":{"start":{"line":249,"column":12},"end":{"line":249,"column":70}},"type":"binary-expr","locations":[{"start":{"line":249,"column":12},"end":{"line":249,"column":34}},{"start":{"line":249,"column":38},"end":{"line":249,"column":70}}],"line":249},"59":{"loc":{"start":{"line":257,"column":6},"end":{"line":261,"column":7}},"type":"if","locations":[{"start":{"line":257,"column":6},"end":{"line":261,"column":7}},{"start":{"line":259,"column":13},"end":{"line":261,"column":7}}],"line":257},"60":{"loc":{"start":{"line":264,"column":6},"end":{"line":285,"column":7}},"type":"if","locations":[{"start":{"line":264,"column":6},"end":{"line":285,"column":7}},{"start":{"line":274,"column":13},"end":{"line":285,"column":7}}],"line":264},"61":{"loc":{"start":{"line":321,"column":6},"end":{"line":323,"column":7}},"type":"if","locations":[{"start":{"line":321,"column":6},"end":{"line":323,"column":7}},{"start":{},"end":{}}],"line":321},"62":{"loc":{"start":{"line":328,"column":6},"end":{"line":330,"column":7}},"type":"if","locations":[{"start":{"line":328,"column":6},"end":{"line":330,"column":7}},{"start":{},"end":{}}],"line":328},"63":{"loc":{"start":{"line":344,"column":3},"end":{"line":348,"column":7}},"type":"if","locations":[{"start":{"line":344,"column":3},"end":{"line":348,"column":7}},{"start":{"line":346,"column":13},"end":{"line":348,"column":7}}],"line":344},"64":{"loc":{"start":{"line":351,"column":3},"end":{"line":355,"column":7}},"type":"if","locations":[{"start":{"line":351,"column":3},"end":{"line":355,"column":7}},{"start":{"line":353,"column":13},"end":{"line":355,"column":7}}],"line":351},"65":{"loc":{"start":{"line":358,"column":3},"end":{"line":362,"column":7}},"type":"if","locations":[{"start":{"line":358,"column":3},"end":{"line":362,"column":7}},{"start":{"line":360,"column":13},"end":{"line":362,"column":7}}],"line":358},"66":{"loc":{"start":{"line":380,"column":29},"end":{"line":380,"column":43}},"type":"default-arg","locations":[{"start":{"line":380,"column":38},"end":{"line":380,"column":43}}],"line":380},"67":{"loc":{"start":{"line":383,"column":21},"end":{"line":383,"column":35}},"type":"default-arg","locations":[{"start":{"line":383,"column":30},"end":{"line":383,"column":35}}],"line":383},"68":{"loc":{"start":{"line":387,"column":27},"end":{"line":387,"column":41}},"type":"default-arg","locations":[{"start":{"line":387,"column":36},"end":{"line":387,"column":41}}],"line":387},"69":{"loc":{"start":{"line":391,"column":27},"end":{"line":391,"column":41}},"type":"default-arg","locations":[{"start":{"line":391,"column":36},"end":{"line":391,"column":41}}],"line":391},"70":{"loc":{"start":{"line":395,"column":25},"end":{"line":395,"column":39}},"type":"default-arg","locations":[{"start":{"line":395,"column":34},"end":{"line":395,"column":39}}],"line":395},"71":{"loc":{"start":{"line":399,"column":31},"end":{"line":399,"column":45}},"type":"default-arg","locations":[{"start":{"line":399,"column":40},"end":{"line":399,"column":45}}],"line":399},"72":{"loc":{"start":{"line":403,"column":31},"end":{"line":403,"column":45}},"type":"default-arg","locations":[{"start":{"line":403,"column":40},"end":{"line":403,"column":45}}],"line":403},"73":{"loc":{"start":{"line":407,"column":28},"end":{"line":407,"column":42}},"type":"default-arg","locations":[{"start":{"line":407,"column":37},"end":{"line":407,"column":42}}],"line":407}},"s":{"0":1,"1":1,"2":1,"3":1,"4":0,"5":1,"6":1,"7":54,"8":54,"9":1,"10":1,"11":0,"12":1,"13":1,"14":54,"15":42,"16":42,"17":42,"18":42,"19":4,"20":4,"21":1,"22":1,"23":1,"24":4,"25":1,"26":1,"27":1,"28":1,"29":1,"30":38,"31":16,"32":16,"33":3,"34":3,"35":3,"36":16,"37":3,"38":2,"39":2,"40":2,"41":16,"42":3,"43":3,"44":16,"45":3,"46":2,"47":2,"48":2,"49":16,"50":8,"51":8,"52":3,"53":3,"54":3,"55":8,"56":3,"57":2,"58":2,"59":2,"60":8,"61":3,"62":3,"63":3,"64":8,"65":3,"66":2,"67":2,"68":2,"69":22,"70":16,"71":16,"72":3,"73":3,"74":3,"75":16,"76":3,"77":2,"78":2,"79":2,"80":16,"81":3,"82":3,"83":3,"84":16,"85":3,"86":2,"87":2,"88":2,"89":16,"90":8,"91":8,"92":3,"93":3,"94":8,"95":3,"96":2,"97":2,"98":2,"99":8,"100":3,"101":3,"102":3,"103":8,"104":3,"105":2,"106":2,"107":2,"108":42,"109":1,"110":1,"111":1,"112":1,"113":1,"114":1,"115":42,"116":5,"117":5,"118":5,"119":5,"120":5,"121":5,"122":5,"123":5,"124":42,"125":4,"126":0,"127":4,"128":8,"129":8,"130":4,"131":4,"132":8,"133":8,"134":3,"135":3,"136":2,"137":2,"138":50,"139":6,"140":6,"141":50,"142":6,"143":4,"144":4,"145":50,"146":50,"147":49,"148":1,"149":50,"150":50,"151":50,"152":0,"153":0,"154":0,"155":0,"156":0,"157":0,"158":50,"159":42,"160":42,"161":8,"162":8,"163":50,"164":50,"165":1,"166":1,"167":3,"168":3,"169":3,"170":3,"171":6,"172":6,"173":1,"174":1,"175":3,"176":3,"177":3,"178":3,"179":6,"180":6,"181":1,"182":1,"183":1,"184":1,"185":8,"186":8,"187":8,"188":8,"189":4,"190":4,"191":6,"192":6,"193":2,"194":0,"195":2,"196":1,"197":0,"198":1,"199":1,"200":0,"201":1,"202":54,"203":1,"204":1,"205":54,"206":54,"207":54,"208":54,"209":54,"210":54,"211":54,"212":54,"213":1,"214":6,"215":1,"216":6,"217":1,"218":3,"219":1,"220":3,"221":1,"222":6,"223":1,"224":3,"225":1,"226":3,"227":1,"228":3,"229":1},"f":{"0":0,"1":54,"2":0,"3":1,"4":286,"5":54,"6":42,"7":1,"8":5,"9":8,"10":50,"11":50,"12":0,"13":0,"14":0,"15":42,"16":8,"17":50,"18":1,"19":3,"20":3,"21":6,"22":1,"23":3,"24":3,"25":6,"26":1,"27":8,"28":4,"29":6,"30":2,"31":1,"32":1,"33":54,"34":6,"35":6,"36":3,"37":3,"38":6,"39":3,"40":3,"41":3},"b":{"0":[0],"1":[0,1],"2":[0],"3":[4,38],"4":[1,3],"5":[1,3],"6":[1,0],"7":[16,22],"8":[38,32],"9":[3,13],"10":[3,13],"11":[2,1],"12":[3,2],"13":[3,13],"14":[3,13],"15":[2,1],"16":[3,2],"17":[8,8],"18":[3,5],"19":[3,5],"20":[2,1],"21":[3,2],"22":[3,5],"23":[3,5],"24":[2,1],"25":[3,2],"26":[16,6],"27":[3,13],"28":[3,13],"29":[2,1],"30":[3,2],"31":[3,13],"32":[3,13],"33":[2,1],"34":[3,2],"35":[8,8],"36":[3,5],"37":[3,5],"38":[2,1],"39":[3,2],"40":[3,5],"41":[3,5],"42":[2,1],"43":[3,2],"44":[1,41],"45":[1,0],"46":[5,37],"47":[5,0],"48":[5,0],"49":[4,38],"50":[0,4],"51":[4,4],"52":[3,5],"53":[2,1],"54":[3,2],"55":[6,44],"56":[6,44],"57":[4,2],"58":[6,4],"59":[49,1],"60":[0,50],"61":[1,0],"62":[8,0],"63":[0,2],"64":[0,1],"65":[0,1],"66":[4],"67":[4],"68":[2],"69":[2],"70":[4],"71":[2],"72":[2],"73":[2]},"_coverageSchema":"1a1c01bbd47fc00a2c39e90264f33305004495a9","hash":"fff2c3036c1e03120338fd5b57db425242ba5009"}
}
