TN:
SF:src/fetch-response-handler.js
FN:2,(anonymous_0)
FN:13,(anonymous_1)
FN:19,(anonymous_2)
FN:20,(anonymous_3)
FN:24,(anonymous_4)
FN:29,(anonymous_5)
FN:73,(anonymous_6)
FN:199,(anonymous_7)
FN:211,(anonymous_8)
FN:228,(anonymous_9)
FN:243,(anonymous_10)
FN:255,(anonymous_11)
FN:265,(anonymous_12)
FN:268,(anonymous_13)
FN:271,(anonymous_14)
FN:275,(anonymous_15)
FN:278,(anonymous_16)
FN:281,(anonymous_17)
FN:288,(anonymous_18)
FN:292,(anonymous_19)
FN:296,(anonymous_20)
FN:300,(anonymous_21)
FN:304,(anonymous_22)
FN:308,(anonymous_23)
FN:312,(anonymous_24)
FN:316,(anonymous_25)
FN:320,(anonymous_26)
FN:327,(anonymous_27)
FN:334,(anonymous_28)
FN:338,(anonymous_29)
FN:343,(anonymous_30)
FN:350,(anonymous_31)
FN:357,(anonymous_32)
FN:369,(anonymous_33)
FN:380,(anonymous_34)
FN:383,(anonymous_35)
FN:387,(anonymous_36)
FN:391,(anonymous_37)
FN:395,(anonymous_38)
FN:399,(anonymous_39)
FN:403,(anonymous_40)
FN:407,(anonymous_41)
FNF:42
FNH:37
FNDA:0,(anonymous_0)
FNDA:54,(anonymous_1)
FNDA:0,(anonymous_2)
FNDA:1,(anonymous_3)
FNDA:286,(anonymous_4)
FNDA:54,(anonymous_5)
FNDA:42,(anonymous_6)
FNDA:1,(anonymous_7)
FNDA:5,(anonymous_8)
FNDA:8,(anonymous_9)
FNDA:50,(anonymous_10)
FNDA:50,(anonymous_11)
FNDA:0,(anonymous_12)
FNDA:0,(anonymous_13)
FNDA:0,(anonymous_14)
FNDA:42,(anonymous_15)
FNDA:8,(anonymous_16)
FNDA:50,(anonymous_17)
FNDA:1,(anonymous_18)
FNDA:3,(anonymous_19)
FNDA:3,(anonymous_20)
FNDA:6,(anonymous_21)
FNDA:1,(anonymous_22)
FNDA:3,(anonymous_23)
FNDA:3,(anonymous_24)
FNDA:6,(anonymous_25)
FNDA:1,(anonymous_26)
FNDA:8,(anonymous_27)
FNDA:4,(anonymous_28)
FNDA:6,(anonymous_29)
FNDA:2,(anonymous_30)
FNDA:1,(anonymous_31)
FNDA:1,(anonymous_32)
FNDA:54,(anonymous_33)
FNDA:6,(anonymous_34)
FNDA:6,(anonymous_35)
FNDA:3,(anonymous_36)
FNDA:3,(anonymous_37)
FNDA:6,(anonymous_38)
FNDA:3,(anonymous_39)
FNDA:3,(anonymous_40)
FNDA:3,(anonymous_41)
DA:1,1
DA:5,1
DA:6,1
DA:7,1
DA:8,0
DA:10,1
DA:13,1
DA:14,54
DA:15,54
DA:18,1
DA:21,1
DA:22,0
DA:24,1
DA:29,1
DA:72,54
DA:74,42
DA:75,42
DA:76,42
DA:77,42
DA:78,4
DA:79,4
DA:80,1
DA:81,1
DA:82,1
DA:84,4
DA:85,1
DA:86,1
DA:87,1
DA:88,1
DA:89,1
DA:92,38
DA:93,16
DA:94,16
DA:95,3
DA:96,3
DA:97,3
DA:99,16
DA:100,3
DA:101,2
DA:102,2
DA:103,2
DA:106,16
DA:107,3
DA:108,3
DA:110,16
DA:111,3
DA:112,2
DA:113,2
DA:114,2
DA:117,16
DA:118,8
DA:119,8
DA:120,3
DA:121,3
DA:122,3
DA:124,8
DA:125,3
DA:126,2
DA:127,2
DA:128,2
DA:131,8
DA:132,3
DA:133,3
DA:134,3
DA:136,8
DA:137,3
DA:138,2
DA:139,2
DA:140,2
DA:144,22
DA:145,16
DA:146,16
DA:147,3
DA:148,3
DA:149,3
DA:151,16
DA:152,3
DA:153,2
DA:154,2
DA:155,2
DA:158,16
DA:159,3
DA:160,3
DA:161,3
DA:163,16
DA:164,3
DA:165,2
DA:166,2
DA:167,2
DA:170,16
DA:171,8
DA:172,8
DA:173,3
DA:174,3
DA:176,8
DA:177,3
DA:178,2
DA:179,2
DA:180,2
DA:183,8
DA:184,3
DA:185,3
DA:186,3
DA:188,8
DA:189,3
DA:190,2
DA:191,2
DA:192,2
DA:197,42
DA:198,1
DA:199,1
DA:200,1
DA:201,1
DA:202,1
DA:203,1
DA:207,42
DA:208,5
DA:209,5
DA:210,5
DA:211,5
DA:212,5
DA:213,5
DA:214,5
DA:215,5
DA:220,42
DA:221,4
DA:222,0
DA:224,4
DA:229,8
DA:230,8
DA:231,4
DA:232,4
DA:234,8
DA:235,8
DA:236,3
DA:237,3
DA:238,2
DA:239,2
DA:244,50
DA:245,6
DA:246,6
DA:248,50
DA:249,6
DA:250,4
DA:251,4
DA:256,50
DA:257,50
DA:258,49
DA:260,1
DA:262,50
DA:263,50
DA:264,50
DA:265,0
DA:266,0
DA:267,0
DA:269,0
DA:270,0
DA:272,0
DA:275,50
DA:276,42
DA:277,42
DA:279,8
DA:280,8
DA:282,50
DA:286,50
DA:289,1
DA:290,1
DA:293,3
DA:294,3
DA:297,3
DA:298,3
DA:301,6
DA:302,6
DA:305,1
DA:306,1
DA:309,3
DA:310,3
DA:313,3
DA:314,3
DA:317,6
DA:318,6
DA:321,1
DA:322,1
DA:324,1
DA:325,1
DA:328,8
DA:329,8
DA:331,8
DA:332,8
DA:335,4
DA:336,4
DA:339,6
DA:340,6
DA:344,2
DA:345,0
DA:347,2
DA:351,1
DA:352,0
DA:354,1
DA:358,1
DA:359,0
DA:361,1
DA:365,54
DA:368,1
DA:369,1
DA:370,54
DA:371,54
DA:372,54
DA:373,54
DA:374,54
DA:375,54
DA:376,54
DA:377,54
DA:380,1
DA:381,6
DA:383,1
DA:384,6
DA:387,1
DA:388,3
DA:391,1
DA:392,3
DA:395,1
DA:396,6
DA:399,1
DA:400,3
DA:403,1
DA:404,3
DA:407,1
DA:408,3
DA:411,1
LF:230
LH:218
BRDA:20,0,0,0
BRDA:21,1,0,0
BRDA:21,1,1,1
BRDA:29,2,0,0
BRDA:77,3,0,4
BRDA:77,3,1,38
BRDA:79,4,0,1
BRDA:79,4,1,3
BRDA:84,5,0,1
BRDA:84,5,1,3
BRDA:86,6,0,1
BRDA:86,6,1,0
BRDA:92,7,0,16
BRDA:92,7,1,22
BRDA:92,8,0,38
BRDA:92,8,1,32
BRDA:94,9,0,3
BRDA:94,9,1,13
BRDA:99,10,0,3
BRDA:99,10,1,13
BRDA:100,11,0,2
BRDA:100,11,1,1
BRDA:100,12,0,3
BRDA:100,12,1,2
BRDA:106,13,0,3
BRDA:106,13,1,13
BRDA:110,14,0,3
BRDA:110,14,1,13
BRDA:111,15,0,2
BRDA:111,15,1,1
BRDA:111,16,0,3
BRDA:111,16,1,2
BRDA:117,17,0,8
BRDA:117,17,1,8
BRDA:119,18,0,3
BRDA:119,18,1,5
BRDA:124,19,0,3
BRDA:124,19,1,5
BRDA:125,20,0,2
BRDA:125,20,1,1
BRDA:125,21,0,3
BRDA:125,21,1,2
BRDA:131,22,0,3
BRDA:131,22,1,5
BRDA:136,23,0,3
BRDA:136,23,1,5
BRDA:137,24,0,2
BRDA:137,24,1,1
BRDA:137,25,0,3
BRDA:137,25,1,2
BRDA:144,26,0,16
BRDA:144,26,1,6
BRDA:146,27,0,3
BRDA:146,27,1,13
BRDA:151,28,0,3
BRDA:151,28,1,13
BRDA:152,29,0,2
BRDA:152,29,1,1
BRDA:152,30,0,3
BRDA:152,30,1,2
BRDA:158,31,0,3
BRDA:158,31,1,13
BRDA:163,32,0,3
BRDA:163,32,1,13
BRDA:164,33,0,2
BRDA:164,33,1,1
BRDA:164,34,0,3
BRDA:164,34,1,2
BRDA:170,35,0,8
BRDA:170,35,1,8
BRDA:172,36,0,3
BRDA:172,36,1,5
BRDA:176,37,0,3
BRDA:176,37,1,5
BRDA:177,38,0,2
BRDA:177,38,1,1
BRDA:177,39,0,3
BRDA:177,39,1,2
BRDA:183,40,0,3
BRDA:183,40,1,5
BRDA:188,41,0,3
BRDA:188,41,1,5
BRDA:189,42,0,2
BRDA:189,42,1,1
BRDA:189,43,0,3
BRDA:189,43,1,2
BRDA:197,44,0,1
BRDA:197,44,1,41
BRDA:200,45,0,1
BRDA:200,45,1,0
BRDA:207,46,0,5
BRDA:207,46,1,37
BRDA:208,47,0,5
BRDA:208,47,1,0
BRDA:212,48,0,5
BRDA:212,48,1,0
BRDA:220,49,0,4
BRDA:220,49,1,38
BRDA:221,50,0,0
BRDA:221,50,1,4
BRDA:230,51,0,4
BRDA:230,51,1,4
BRDA:235,52,0,3
BRDA:235,52,1,5
BRDA:237,53,0,2
BRDA:237,53,1,1
BRDA:237,54,0,3
BRDA:237,54,1,2
BRDA:244,55,0,6
BRDA:244,55,1,44
BRDA:248,56,0,6
BRDA:248,56,1,44
BRDA:249,57,0,4
BRDA:249,57,1,2
BRDA:249,58,0,6
BRDA:249,58,1,4
BRDA:257,59,0,49
BRDA:257,59,1,1
BRDA:264,60,0,0
BRDA:264,60,1,50
BRDA:321,61,0,1
BRDA:321,61,1,0
BRDA:328,62,0,8
BRDA:328,62,1,0
BRDA:344,63,0,0
BRDA:344,63,1,2
BRDA:351,64,0,0
BRDA:351,64,1,1
BRDA:358,65,0,0
BRDA:358,65,1,1
BRDA:380,66,0,4
BRDA:383,67,0,4
BRDA:387,68,0,2
BRDA:391,69,0,2
BRDA:395,70,0,4
BRDA:399,71,0,2
BRDA:403,72,0,2
BRDA:407,73,0,2
BRF:138
BRH:124
end_of_record
